<?xml version="1.0" encoding="UTF-8"?>
<coverage generated="1772972839280" clover="3.2.0">
  <project timestamp="1772972839280" name="All files">
    <metrics statements="51" coveredstatements="49" conditionals="36" coveredconditionals="25" methods="11" coveredmethods="11" elements="98" coveredelements="85" complexity="0" loc="51" ncloc="51" packages="1" files="1" classes="1"/>
    <file name="byte-order-adaptive.ts" path="F:\Hajimi - Diff - Cascade\src\format\byte-order-adaptive.ts">
      <metrics statements="51" coveredstatements="49" conditionals="36" coveredconditionals="25" methods="11" coveredmethods="11"/>
      <line num="19" count="1" type="stmt"/>
      <line num="21" count="10" type="cond" truecount="1" falsecount="0"/>
      <line num="22" count="9" type="cond" truecount="3" falsecount="0"/>
      <line num="23" count="8" type="cond" truecount="3" falsecount="0"/>
      <line num="24" count="7" type="stmt"/>
      <line num="28" count="10" type="cond" truecount="1" falsecount="0"/>
      <line num="29" count="7" type="stmt"/>
      <line num="30" count="7" type="cond" truecount="1" falsecount="0"/>
      <line num="31" count="4" type="stmt"/>
      <line num="32" count="4" type="cond" truecount="1" falsecount="0"/>
      <line num="33" count="1" type="stmt"/>
      <line num="37" count="8" type="stmt"/>
      <line num="38" count="8" type="cond" truecount="0" falsecount="1"/>
      <line num="39" count="8" type="stmt"/>
      <line num="44" count="1" type="stmt"/>
      <line num="45" count="6" type="stmt"/>
      <line num="49" count="6" type="stmt"/>
      <line num="53" count="6" type="stmt"/>
      <line num="54" count="6" type="stmt"/>
      <line num="55" count="6" type="cond" truecount="1" falsecount="1"/>
      <line num="59" count="1" type="stmt"/>
      <line num="60" count="1" type="cond" truecount="2" falsecount="0"/>
      <line num="61" count="1" type="cond" truecount="1" falsecount="1"/>
      <line num="64" count="1" type="cond" truecount="0" falsecount="1"/>
      <line num="65" count="1" type="stmt"/>
      <line num="69" count="2" type="stmt"/>
      <line num="70" count="2" type="cond" truecount="2" falsecount="0"/>
      <line num="71" count="2" type="cond" truecount="2" falsecount="0"/>
      <line num="74" count="2" type="cond" truecount="1" falsecount="0"/>
      <line num="75" count="1" type="stmt"/>
      <line num="78" count="2" type="stmt"/>
      <line num="82" count="1" type="stmt"/>
      <line num="83" count="1" type="cond" truecount="2" falsecount="0"/>
      <line num="84" count="1" type="cond" truecount="1" falsecount="1"/>
      <line num="87" count="1" type="cond" truecount="0" falsecount="1"/>
      <line num="88" count="0" type="stmt"/>
      <line num="89" count="0" type="stmt"/>
      <line num="91" count="1" type="stmt"/>
      <line num="94" count="1" type="stmt"/>
      <line num="98" count="1" type="stmt"/>
      <line num="100" count="3" type="cond" truecount="2" falsecount="0"/>
      <line num="101" count="1" type="stmt"/>
      <line num="102" count="2" type="stmt"/>
      <line num="104" count="2" type="cond" truecount="1" falsecount="0"/>
      <line num="105" count="2" type="stmt"/>
      <line num="106" count="2" type="stmt"/>
      <line num="107" count="2" type="stmt"/>
      <line num="113" count="1" type="stmt"/>
      <line num="114" count="1" type="stmt"/>
      <line num="115" count="1" type="stmt"/>
      <line num="119" count="1" type="stmt"/>
    </file>
  </project>
</coverage>
