<?xml version="1.0" encoding="UTF-8"?>
<coverage generated="1772972594260" clover="3.2.0">
  <project timestamp="1772972594261" name="All files">
    <metrics statements="57" coveredstatements="54" conditionals="15" coveredconditionals="11" methods="14" coveredmethods="14" elements="86" coveredelements="79" complexity="0" loc="57" ncloc="57" packages="1" files="1" classes="1"/>
    <file name="simhash-math.ts" path="F:\Hajimi - Diff - Cascade\src\cdc\simhash-math.ts">
      <metrics statements="57" coveredstatements="54" conditionals="15" coveredconditionals="11" methods="14" coveredmethods="14"/>
      <line num="19" count="1" type="stmt"/>
      <line num="22" count="1" type="stmt"/>
      <line num="25" count="1" type="stmt"/>
      <line num="28" count="1" type="stmt"/>
      <line num="31" count="1" type="stmt"/>
      <line num="41" count="30" type="stmt"/>
      <line num="42" count="30" type="stmt"/>
      <line num="43" count="30" type="stmt"/>
      <line num="44" count="30" type="stmt"/>
      <line num="45" count="30" type="stmt"/>
      <line num="46" count="30" type="stmt"/>
      <line num="53" count="1" type="stmt"/>
      <line num="54" count="15" type="stmt"/>
      <line num="55" count="15" type="stmt"/>
      <line num="56" count="15" type="stmt"/>
      <line num="57" count="15" type="stmt"/>
      <line num="63" count="1" type="stmt"/>
      <line num="64" count="10" type="stmt"/>
      <line num="70" count="1" type="cond" truecount="1" falsecount="0"/>
      <line num="71" count="5" type="stmt"/>
      <line num="82" count="1" type="stmt"/>
      <line num="87" count="8" type="stmt"/>
      <line num="88" count="8" type="stmt"/>
      <line num="96" count="5" type="stmt"/>
      <line num="111" count="4" type="cond" truecount="1" falsecount="0"/>
      <line num="112" count="2" type="stmt"/>
      <line num="116" count="2" type="stmt"/>
      <line num="117" count="1082" type="stmt"/>
      <line num="137" count="1" type="stmt"/>
      <line num="138" count="1" type="stmt"/>
      <line num="139" count="3" type="stmt"/>
      <line num="141" count="1" type="stmt"/>
      <line num="148" count="3" type="cond" truecount="2" falsecount="1"/>
      <line num="149" count="3" type="cond" truecount="3" falsecount="0"/>
      <line num="151" count="2" type="stmt"/>
      <line num="152" count="2" type="stmt"/>
      <line num="153" count="3" type="stmt"/>
      <line num="155" count="2" type="stmt"/>
      <line num="162" count="1" type="stmt"/>
      <line num="171" count="1" type="stmt"/>
      <line num="175" count="3" type="stmt"/>
      <line num="183" count="1" type="stmt"/>
      <line num="184" count="1" type="stmt"/>
      <line num="186" count="1" type="cond" truecount="0" falsecount="1"/>
      <line num="187" count="0" type="stmt"/>
      <line num="189" count="1" type="stmt"/>
      <line num="191" count="0" type="stmt"/>
      <line num="200" count="2" type="cond" truecount="1" falsecount="0"/>
      <line num="201" count="1" type="stmt"/>
      <line num="204" count="1" type="stmt"/>
      <line num="205" count="1" type="stmt"/>
      <line num="206" count="3" type="cond" truecount="1" falsecount="1"/>
      <line num="207" count="3" type="stmt"/>
      <line num="210" count="3" type="cond" truecount="0" falsecount="1"/>
      <line num="211" count="0" type="stmt"/>
      <line num="215" count="1" type="stmt"/>
      <line num="222" count="1" type="stmt"/>
    </file>
  </project>
</coverage>
