{"F:\\Hajimi - Diff - Cascade\\src\\storage\\shard-manager.ts": {"path":"F:\\Hajimi - Diff - Cascade\\src\\storage\\shard-manager.ts","statementMap":{"0":{"start":{"line":143,"column":0},"end":{"line":143,"column":16}},"1":{"start":{"line":10,"column":0},"end":{"line":10,"column":36}},"2":{"start":{"line":19,"column":13},"end":{"line":24,"column":2}},"3":{"start":{"line":39,"column":10},"end":{"line":39,"column":53}},"4":{"start":{"line":40,"column":10},"end":{"line":40,"column":49}},"5":{"start":{"line":43,"column":4},"end":{"line":43,"column":42}},"6":{"start":{"line":44,"column":4},"end":{"line":44,"column":86}},"7":{"start":{"line":48,"column":4},"end":{"line":48,"column":36}},"8":{"start":{"line":52,"column":4},"end":{"line":52,"column":45}},"9":{"start":{"line":56,"column":4},"end":{"line":56,"column":27}},"10":{"start":{"line":38,"column":0},"end":{"line":38,"column":13}},"11":{"start":{"line":63,"column":10},"end":{"line":63,"column":35}},"12":{"start":{"line":64,"column":10},"end":{"line":64,"column":56}},"13":{"start":{"line":65,"column":10},"end":{"line":65,"column":37}},"14":{"start":{"line":68,"column":4},"end":{"line":68,"column":57}},"15":{"start":{"line":72,"column":17},"end":{"line":72,"column":60}},"16":{"start":{"line":73,"column":4},"end":{"line":73,"column":57}},"17":{"start":{"line":77,"column":17},"end":{"line":77,"column":49}},"18":{"start":{"line":78,"column":4},"end":{"line":81,"column":8}},"19":{"start":{"line":78,"column":51},"end":{"line":81,"column":6}},"20":{"start":{"line":85,"column":4},"end":{"line":88,"column":5}},"21":{"start":{"line":86,"column":6},"end":{"line":86,"column":38}},"22":{"start":{"line":87,"column":6},"end":{"line":87,"column":43}},"23":{"start":{"line":89,"column":18},"end":{"line":89,"column":41}},"24":{"start":{"line":90,"column":4},"end":{"line":92,"column":5}},"25":{"start":{"line":91,"column":6},"end":{"line":91,"column":22}},"26":{"start":{"line":93,"column":4},"end":{"line":93,"column":40}},"27":{"start":{"line":94,"column":4},"end":{"line":94,"column":36}},"28":{"start":{"line":95,"column":4},"end":{"line":95,"column":17}},"29":{"start":{"line":99,"column":4},"end":{"line":99,"column":54}},"30":{"start":{"line":103,"column":16},"end":{"line":103,"column":49}},"31":{"start":{"line":104,"column":4},"end":{"line":104,"column":52}},"32":{"start":{"line":104,"column":20},"end":{"line":104,"column":52}},"33":{"start":{"line":105,"column":4},"end":{"line":105,"column":35}},"34":{"start":{"line":109,"column":19},"end":{"line":109,"column":43}},"35":{"start":{"line":110,"column":4},"end":{"line":110,"column":61}},"36":{"start":{"line":110,"column":30},"end":{"line":110,"column":61}},"37":{"start":{"line":114,"column":20},"end":{"line":114,"column":46}},"38":{"start":{"line":115,"column":4},"end":{"line":115,"column":95}},"39":{"start":{"line":119,"column":4},"end":{"line":119,"column":44}},"40":{"start":{"line":119,"column":25},"end":{"line":119,"column":42}},"41":{"start":{"line":123,"column":18},"end":{"line":123,"column":43}},"42":{"start":{"line":124,"column":4},"end":{"line":124,"column":33}},"43":{"start":{"line":124,"column":16},"end":{"line":124,"column":33}},"44":{"start":{"line":125,"column":18},"end":{"line":125,"column":46}},"45":{"start":{"line":126,"column":4},"end":{"line":126,"column":31}},"46":{"start":{"line":130,"column":4},"end":{"line":130,"column":51}},"47":{"start":{"line":134,"column":19},"end":{"line":134,"column":39}},"48":{"start":{"line":135,"column":4},"end":{"line":139,"column":6}},"49":{"start":{"line":61,"column":0},"end":{"line":61,"column":13}},"50":{"start":{"line":144,"column":2},"end":{"line":147,"column":6}},"51":{"start":{"line":144,"column":50},"end":{"line":147,"column":4}},"52":{"start":{"line":146,"column":42},"end":{"line":146,"column":55}},"53":{"start":{"line":150,"column":0},"end":{"line":150,"column":85}}},"fnMap":{"0":{"name":"(anonymous_0)","decl":{"start":{"line":38,"column":0},"end":{"line":38,"column":13}},"loc":{"start":{"line":38,"column":0},"end":{"line":58,"column":1}}},"1":{"name":"(anonymous_1)","decl":{"start":{"line":42,"column":2},"end":{"line":42,"column":5}},"loc":{"start":{"line":42,"column":28},"end":{"line":45,"column":3}}},"2":{"name":"(anonymous_2)","decl":{"start":{"line":47,"column":2},"end":{"line":47,"column":6}},"loc":{"start":{"line":47,"column":23},"end":{"line":49,"column":3}}},"3":{"name":"(anonymous_3)","decl":{"start":{"line":51,"column":2},"end":{"line":51,"column":14}},"loc":{"start":{"line":51,"column":30},"end":{"line":53,"column":3}}},"4":{"name":"(anonymous_4)","decl":{"start":{"line":55,"column":2},"end":{"line":55,"column":6}},"loc":{"start":{"line":55,"column":6},"end":{"line":57,"column":3}}},"5":{"name":"(anonymous_5)","decl":{"start":{"line":67,"column":2},"end":{"line":67,"column":14}},"loc":{"start":{"line":67,"column":47},"end":{"line":69,"column":3}}},"6":{"name":"(anonymous_6)","decl":{"start":{"line":71,"column":10},"end":{"line":71,"column":20}},"loc":{"start":{"line":71,"column":37},"end":{"line":74,"column":3}}},"7":{"name":"(anonymous_7)","decl":{"start":{"line":76,"column":10},"end":{"line":76,"column":19}},"loc":{"start":{"line":76,"column":35},"end":{"line":82,"column":3}}},"8":{"name":"(anonymous_8)","decl":{"start":{"line":78,"column":40},"end":{"line":78,"column":41}},"loc":{"start":{"line":78,"column":51},"end":{"line":81,"column":6}}},"9":{"name":"(anonymous_9)","decl":{"start":{"line":84,"column":10},"end":{"line":84,"column":18}},"loc":{"start":{"line":84,"column":34},"end":{"line":96,"column":3}}},"10":{"name":"(anonymous_10)","decl":{"start":{"line":98,"column":10},"end":{"line":98,"column":28}},"loc":{"start":{"line":98,"column":28},"end":{"line":100,"column":3}}},"11":{"name":"(anonymous_11)","decl":{"start":{"line":102,"column":10},"end":{"line":102,"column":27}},"loc":{"start":{"line":102,"column":43},"end":{"line":106,"column":3}}},"12":{"name":"(anonymous_12)","decl":{"start":{"line":108,"column":10},"end":{"line":108,"column":18}},"loc":{"start":{"line":108,"column":18},"end":{"line":111,"column":3}}},"13":{"name":"(anonymous_13)","decl":{"start":{"line":113,"column":2},"end":{"line":113,"column":11}},"loc":{"start":{"line":113,"column":31},"end":{"line":116,"column":3}}},"14":{"name":"(anonymous_14)","decl":{"start":{"line":118,"column":2},"end":{"line":118,"column":10}},"loc":{"start":{"line":118,"column":33},"end":{"line":120,"column":3}}},"15":{"name":"(anonymous_15)","decl":{"start":{"line":119,"column":20},"end":{"line":119,"column":21}},"loc":{"start":{"line":119,"column":25},"end":{"line":119,"column":42}}},"16":{"name":"(anonymous_16)","decl":{"start":{"line":122,"column":2},"end":{"line":122,"column":12}},"loc":{"start":{"line":122,"column":29},"end":{"line":127,"column":3}}},"17":{"name":"(anonymous_17)","decl":{"start":{"line":129,"column":2},"end":{"line":129,"column":9}},"loc":{"start":{"line":129,"column":9},"end":{"line":131,"column":3}}},"18":{"name":"(anonymous_18)","decl":{"start":{"line":133,"column":2},"end":{"line":133,"column":10}},"loc":{"start":{"line":133,"column":10},"end":{"line":140,"column":3}}},"19":{"name":"createTestVectors","decl":{"start":{"line":143,"column":16},"end":{"line":143,"column":33}},"loc":{"start":{"line":143,"column":58},"end":{"line":148,"column":1}}},"20":{"name":"(anonymous_20)","decl":{"start":{"line":144,"column":39},"end":{"line":144,"column":40}},"loc":{"start":{"line":144,"column":50},"end":{"line":147,"column":4}}},"21":{"name":"(anonymous_21)","decl":{"start":{"line":146,"column":36},"end":{"line":146,"column":39}},"loc":{"start":{"line":146,"column":42},"end":{"line":146,"column":55}}}},"branchMap":{"0":{"loc":{"start":{"line":44,"column":40},"end":{"line":44,"column":79}},"type":"binary-expr","locations":[{"start":{"line":44,"column":40},"end":{"line":44,"column":74}},{"start":{"line":44,"column":78},"end":{"line":44,"column":79}}]},"1":{"loc":{"start":{"line":52,"column":11},"end":{"line":52,"column":44}},"type":"binary-expr","locations":[{"start":{"line":52,"column":11},"end":{"line":52,"column":39}},{"start":{"line":52,"column":43},"end":{"line":52,"column":44}}]},"2":{"loc":{"start":{"line":67,"column":14},"end":{"line":67,"column":47}},"type":"default-arg","locations":[{"start":{"line":67,"column":45},"end":{"line":67,"column":47}}]},"3":{"loc":{"start":{"line":85,"column":4},"end":{"line":88,"column":5}},"type":"if","locations":[{"start":{"line":85,"column":4},"end":{"line":88,"column":5}}]},"4":{"loc":{"start":{"line":90,"column":4},"end":{"line":92,"column":5}},"type":"if","locations":[{"start":{"line":90,"column":4},"end":{"line":92,"column":5}}]},"5":{"loc":{"start":{"line":104,"column":4},"end":{"line":104,"column":52}},"type":"if","locations":[{"start":{"line":104,"column":4},"end":{"line":104,"column":52}}]},"6":{"loc":{"start":{"line":110,"column":4},"end":{"line":110,"column":61}},"type":"if","locations":[{"start":{"line":110,"column":4},"end":{"line":110,"column":61}}]},"7":{"loc":{"start":{"line":124,"column":4},"end":{"line":124,"column":33}},"type":"if","locations":[{"start":{"line":124,"column":4},"end":{"line":124,"column":33}}]},"8":{"loc":{"start":{"line":143,"column":49},"end":{"line":143,"column":58}},"type":"default-arg","locations":[{"start":{"line":143,"column":55},"end":{"line":143,"column":58}}]}},"s":{"0":1,"1":1,"2":1,"3":4,"4":4,"5":31000,"6":31000,"7":11,"8":31010,"9":4,"10":1,"11":4,"12":4,"13":4,"14":4,"15":31000,"16":31000,"17":10,"18":10,"19":9168,"20":11,"21":1,"22":1,"23":10,"24":10,"25":7,"26":10,"27":10,"28":10,"29":10,"30":11,"31":11,"32":1,"33":11,"34":7,"35":7,"36":7,"37":31000,"38":31000,"39":4,"40":31000,"41":11,"42":11,"43":0,"44":11,"45":11,"46":1,"47":2,"48":2,"49":1,"50":4,"51":31000,"52":23808000,"53":1},"f":{"0":4,"1":31000,"2":11,"3":31010,"4":4,"5":4,"6":31000,"7":10,"8":9168,"9":11,"10":10,"11":11,"12":7,"13":31000,"14":4,"15":31000,"16":11,"17":1,"18":2,"19":4,"20":31000,"21":23808000},"b":{"0":[31000,40],"1":[31010,40],"2":[3],"3":[1],"4":[7],"5":[1],"6":[7],"7":[0],"8":[4]}}
}
