{"F:\\Hajimi - Diff - Cascade\\src\\storage\\zstd-compression.ts": {"path":"F:\\Hajimi - Diff - Cascade\\src\\storage\\zstd-compression.ts","statementMap":{"0":{"start":{"line":11,"column":0},"end":{"line":11,"column":29}},"1":{"start":{"line":49,"column":4},"end":{"line":52,"column":6}},"2":{"start":{"line":63,"column":4},"end":{"line":65,"column":5}},"3":{"start":{"line":64,"column":6},"end":{"line":64,"column":52}},"4":{"start":{"line":67,"column":4},"end":{"line":67,"column":62}},"5":{"start":{"line":77,"column":4},"end":{"line":79,"column":5}},"6":{"start":{"line":78,"column":6},"end":{"line":78,"column":54}},"7":{"start":{"line":80,"column":4},"end":{"line":80,"column":33}},"8":{"start":{"line":89,"column":18},"end":{"line":89,"column":28}},"9":{"start":{"line":90,"column":23},"end":{"line":90,"column":46}},"10":{"start":{"line":91,"column":21},"end":{"line":91,"column":39}},"11":{"start":{"line":92,"column":4},"end":{"line":99,"column":6}},"12":{"start":{"line":108,"column":18},"end":{"line":108,"column":28}},"13":{"start":{"line":109,"column":25},"end":{"line":109,"column":50}},"14":{"start":{"line":110,"column":21},"end":{"line":110,"column":39}},"15":{"start":{"line":111,"column":4},"end":{"line":118,"column":6}},"16":{"start":{"line":126,"column":4},"end":{"line":126,"column":31}},"17":{"start":{"line":136,"column":25},"end":{"line":136,"column":47}},"18":{"start":{"line":137,"column":22},"end":{"line":137,"column":56}},"19":{"start":{"line":138,"column":4},"end":{"line":138,"column":45}},"20":{"start":{"line":148,"column":4},"end":{"line":150,"column":5}},"21":{"start":{"line":149,"column":6},"end":{"line":149,"column":53}},"22":{"start":{"line":151,"column":4},"end":{"line":153,"column":5}},"23":{"start":{"line":152,"column":6},"end":{"line":152,"column":16}},"24":{"start":{"line":155,"column":29},"end":{"line":155,"column":31}},"25":{"start":{"line":156,"column":22},"end":{"line":156,"column":57}},"26":{"start":{"line":158,"column":4},"end":{"line":164,"column":5}},"27":{"start":{"line":158,"column":17},"end":{"line":158,"column":18}},"28":{"start":{"line":159,"column":20},"end":{"line":159,"column":33}},"29":{"start":{"line":160,"column":18},"end":{"line":160,"column":58}},"30":{"start":{"line":161,"column":6},"end":{"line":163,"column":7}},"31":{"start":{"line":162,"column":8},"end":{"line":162,"column":47}},"32":{"start":{"line":165,"column":4},"end":{"line":165,"column":18}},"33":{"start":{"line":45,"column":0},"end":{"line":45,"column":13}},"34":{"start":{"line":170,"column":13},"end":{"line":170,"column":53}},"35":{"start":{"line":172,"column":0},"end":{"line":172,"column":31}}},"fnMap":{"0":{"name":"(anonymous_9)","decl":{"start":{"line":48,"column":2},"end":{"line":48,"column":14}},"loc":{"start":{"line":48,"column":46},"end":{"line":53,"column":3}}},"1":{"name":"(anonymous_10)","decl":{"start":{"line":62,"column":2},"end":{"line":62,"column":14}},"loc":{"start":{"line":62,"column":27},"end":{"line":68,"column":3}}},"2":{"name":"(anonymous_11)","decl":{"start":{"line":76,"column":2},"end":{"line":76,"column":16}},"loc":{"start":{"line":76,"column":29},"end":{"line":81,"column":3}}},"3":{"name":"(anonymous_12)","decl":{"start":{"line":88,"column":2},"end":{"line":88,"column":7}},"loc":{"start":{"line":88,"column":29},"end":{"line":100,"column":3}}},"4":{"name":"(anonymous_13)","decl":{"start":{"line":107,"column":2},"end":{"line":107,"column":7}},"loc":{"start":{"line":107,"column":31},"end":{"line":119,"column":3}}},"5":{"name":"(anonymous_14)","decl":{"start":{"line":125,"column":2},"end":{"line":125,"column":12}},"loc":{"start":{"line":125,"column":12},"end":{"line":127,"column":3}}},"6":{"name":"(anonymous_15)","decl":{"start":{"line":135,"column":2},"end":{"line":135,"column":21}},"loc":{"start":{"line":135,"column":52},"end":{"line":139,"column":3}}},"7":{"name":"(anonymous_16)","decl":{"start":{"line":147,"column":2},"end":{"line":147,"column":17}},"loc":{"start":{"line":147,"column":50},"end":{"line":166,"column":3}}}},"branchMap":{"0":{"loc":{"start":{"line":48,"column":14},"end":{"line":48,"column":46}},"type":"default-arg","locations":[{"start":{"line":48,"column":44},"end":{"line":48,"column":46}}]},"1":{"loc":{"start":{"line":50,"column":13},"end":{"line":50,"column":31}},"type":"binary-expr","locations":[{"start":{"line":50,"column":13},"end":{"line":50,"column":26}},{"start":{"line":50,"column":30},"end":{"line":50,"column":31}}]},"2":{"loc":{"start":{"line":51,"column":17},"end":{"line":51,"column":47}},"type":"binary-expr","locations":[{"start":{"line":51,"column":17},"end":{"line":51,"column":34}},{"start":{"line":51,"column":38},"end":{"line":51,"column":47}}]},"3":{"loc":{"start":{"line":63,"column":4},"end":{"line":65,"column":5}},"type":"if","locations":[{"start":{"line":63,"column":4},"end":{"line":65,"column":5}}]},"4":{"loc":{"start":{"line":77,"column":4},"end":{"line":79,"column":5}},"type":"if","locations":[{"start":{"line":77,"column":4},"end":{"line":79,"column":5}}]},"5":{"loc":{"start":{"line":135,"column":40},"end":{"line":135,"column":52}},"type":"default-arg","locations":[{"start":{"line":135,"column":51},"end":{"line":135,"column":52}}]},"6":{"loc":{"start":{"line":148,"column":4},"end":{"line":150,"column":5}},"type":"if","locations":[{"start":{"line":148,"column":4},"end":{"line":150,"column":5}}]},"7":{"loc":{"start":{"line":151,"column":4},"end":{"line":153,"column":5}},"type":"if","locations":[{"start":{"line":151,"column":4},"end":{"line":153,"column":5}}]},"8":{"loc":{"start":{"line":161,"column":6},"end":{"line":163,"column":7}},"type":"if","locations":[{"start":{"line":161,"column":6},"end":{"line":163,"column":7}}]}},"s":{"0":1,"1":15,"2":6,"3":1,"4":5,"5":4,"6":1,"7":3,"8":2,"9":2,"10":2,"11":2,"12":1,"13":1,"14":1,"15":1,"16":2,"17":1,"18":1,"19":1,"20":3,"21":1,"22":2,"23":1,"24":1,"25":1,"26":1,"27":1,"28":4,"29":4,"30":4,"31":4,"32":1,"33":1,"34":1,"35":1},"f":{"0":15,"1":6,"2":4,"3":2,"4":1,"5":2,"6":1,"7":3},"b":{"0":[14],"1":[15,14],"2":[15,14],"3":[1],"4":[1],"5":[0],"6":[1],"7":[1],"8":[4]}}
}
