TN:
SF:src\format\byte-order-adaptive.ts
FN:20,(anonymous_0)
FN:27,(anonymous_1)
FN:36,(anonymous_2)
FN:48,(anonymous_3)
FN:52,(anonymous_4)
FN:58,(anonymous_5)
FN:68,(anonymous_6)
FN:81,(anonymous_7)
FN:94,(anonymous_8)
FN:99,(anonymous_9)
FN:112,(anonymous_10)
FNF:11
FNH:11
FNDA:10,(anonymous_0)
FNDA:10,(anonymous_1)
FNDA:8,(anonymous_2)
FNDA:6,(anonymous_3)
FNDA:6,(anonymous_4)
FNDA:1,(anonymous_5)
FNDA:2,(anonymous_6)
FNDA:1,(anonymous_7)
FNDA:1,(anonymous_8)
FNDA:3,(anonymous_9)
FNDA:1,(anonymous_10)
DA:19,1
DA:21,10
DA:22,9
DA:23,8
DA:24,7
DA:28,10
DA:29,7
DA:30,7
DA:31,4
DA:32,4
DA:33,1
DA:37,8
DA:38,8
DA:39,8
DA:44,1
DA:45,6
DA:49,6
DA:53,6
DA:54,6
DA:55,6
DA:59,1
DA:60,1
DA:61,1
DA:64,1
DA:65,1
DA:69,2
DA:70,2
DA:71,2
DA:74,2
DA:75,1
DA:78,2
DA:82,1
DA:83,1
DA:84,1
DA:87,1
DA:88,0
DA:89,0
DA:91,1
DA:94,1
DA:98,1
DA:100,3
DA:101,1
DA:102,2
DA:104,2
DA:105,2
DA:106,2
DA:107,2
DA:113,1
DA:114,1
DA:115,1
DA:119,1
LF:51
LH:49
BRDA:21,0,0,1
BRDA:22,1,0,1
BRDA:22,2,0,9
BRDA:22,2,1,1
BRDA:23,3,0,1
BRDA:23,4,0,8
BRDA:23,4,1,1
BRDA:28,5,0,3
BRDA:30,6,0,3
BRDA:32,7,0,3
BRDA:38,8,0,0
BRDA:55,9,0,6
BRDA:55,9,1,0
BRDA:58,10,0,0
BRDA:60,11,0,1
BRDA:60,11,1,1
BRDA:61,12,0,0
BRDA:61,12,1,1
BRDA:64,13,0,0
BRDA:68,14,0,0
BRDA:70,15,0,2
BRDA:70,15,1,1
BRDA:71,16,0,1
BRDA:71,16,1,1
BRDA:74,17,0,1
BRDA:81,18,0,0
BRDA:83,19,0,1
BRDA:83,19,1,1
BRDA:84,20,0,0
BRDA:84,20,1,1
BRDA:87,21,0,0
BRDA:99,22,0,0
BRDA:100,23,0,1
BRDA:100,23,1,2
BRDA:104,24,0,2
BRDA:112,25,0,0
BRF:36
BRH:25
end_of_record
