TN:
SF:src/cdc/simhash-math.ts
FN:40,popcnt32
FN:53,popcnt64
FN:63,hammingDistance
FN:70,isSimilar
FN:86,(anonymous_4)
FN:95,(anonymous_5)
FN:110,(anonymous_6)
FN:117,(anonymous_7)
FN:136,(anonymous_8)
FN:147,(anonymous_9)
FN:161,(anonymous_10)
FN:174,(anonymous_11)
FN:182,(anonymous_12)
FN:199,(anonymous_13)
FNF:14
FNH:14
FNDA:42,popcnt32
FNDA:21,popcnt64
FNDA:14,hammingDistance
FNDA:7,isSimilar
FNDA:11,(anonymous_4)
FNDA:7,(anonymous_5)
FNDA:7,(anonymous_6)
FNDA:1926,(anonymous_7)
FNDA:1,(anonymous_8)
FNDA:3,(anonymous_9)
FNDA:1,(anonymous_10)
FNDA:6,(anonymous_11)
FNDA:2,(anonymous_12)
FNDA:4,(anonymous_13)
DA:19,2
DA:22,2
DA:25,2
DA:28,2
DA:31,2
DA:41,42
DA:42,42
DA:43,42
DA:44,42
DA:45,42
DA:46,42
DA:53,2
DA:54,21
DA:55,21
DA:56,21
DA:57,21
DA:63,2
DA:64,14
DA:70,2
DA:71,7
DA:82,2
DA:87,11
DA:88,11
DA:96,7
DA:111,7
DA:112,3
DA:116,4
DA:117,1926
DA:137,1
DA:138,1
DA:139,3
DA:141,1
DA:148,3
DA:149,3
DA:151,2
DA:152,2
DA:153,3
DA:155,2
DA:162,1
DA:171,2
DA:175,6
DA:183,2
DA:184,2
DA:186,2
DA:187,0
DA:189,2
DA:191,0
DA:200,4
DA:201,2
DA:204,2
DA:205,2
DA:206,6
DA:207,6
DA:210,6
DA:211,0
DA:215,2
DA:222,2
LF:57
LH:54
BRDA:70,0,0,3
BRDA:86,1,0,8
BRDA:86,2,0,8
BRDA:111,3,0,3
BRDA:148,4,0,0
BRDA:148,5,0,3
BRDA:148,5,1,3
BRDA:149,6,0,1
BRDA:149,7,0,3
BRDA:149,7,1,2
BRDA:186,8,0,0
BRDA:200,9,0,2
BRDA:206,10,0,0
BRDA:206,10,1,6
BRDA:210,11,0,0
BRF:15
BRH:11
end_of_record
TN:
SF:src/format/byte-order-adaptive.ts
FN:20,(anonymous_0)
FN:27,(anonymous_1)
FN:36,(anonymous_2)
FN:48,(anonymous_3)
FN:52,(anonymous_4)
FN:58,(anonymous_5)
FN:68,(anonymous_6)
FN:81,(anonymous_7)
FN:94,(anonymous_8)
FN:99,(anonymous_9)
FN:112,(anonymous_10)
FNF:11
FNH:11
FNDA:10,(anonymous_0)
FNDA:10,(anonymous_1)
FNDA:8,(anonymous_2)
FNDA:6,(anonymous_3)
FNDA:6,(anonymous_4)
FNDA:1,(anonymous_5)
FNDA:2,(anonymous_6)
FNDA:1,(anonymous_7)
FNDA:1,(anonymous_8)
FNDA:3,(anonymous_9)
FNDA:1,(anonymous_10)
DA:19,1
DA:21,10
DA:22,9
DA:23,8
DA:24,7
DA:28,10
DA:29,7
DA:30,7
DA:31,4
DA:32,4
DA:33,1
DA:37,8
DA:38,8
DA:39,8
DA:44,1
DA:45,6
DA:49,6
DA:53,6
DA:54,6
DA:55,6
DA:59,1
DA:60,1
DA:61,1
DA:64,1
DA:65,1
DA:69,2
DA:70,2
DA:71,2
DA:74,2
DA:75,1
DA:78,2
DA:82,1
DA:83,1
DA:84,1
DA:87,1
DA:88,0
DA:89,0
DA:91,1
DA:94,1
DA:98,1
DA:100,3
DA:101,1
DA:102,2
DA:104,2
DA:105,2
DA:106,2
DA:107,2
DA:113,1
DA:114,1
DA:115,1
DA:119,1
LF:51
LH:49
BRDA:21,0,0,1
BRDA:22,1,0,1
BRDA:22,2,0,9
BRDA:22,2,1,1
BRDA:23,3,0,1
BRDA:23,4,0,8
BRDA:23,4,1,1
BRDA:28,5,0,3
BRDA:30,6,0,3
BRDA:32,7,0,3
BRDA:38,8,0,0
BRDA:55,9,0,6
BRDA:55,9,1,0
BRDA:58,10,0,0
BRDA:60,11,0,1
BRDA:60,11,1,1
BRDA:61,12,0,0
BRDA:61,12,1,1
BRDA:64,13,0,0
BRDA:68,14,0,0
BRDA:70,15,0,2
BRDA:70,15,1,1
BRDA:71,16,0,1
BRDA:71,16,1,1
BRDA:74,17,0,1
BRDA:81,18,0,0
BRDA:83,19,0,1
BRDA:83,19,1,1
BRDA:84,20,0,0
BRDA:84,20,1,1
BRDA:87,21,0,0
BRDA:99,22,0,0
BRDA:100,23,0,1
BRDA:100,23,1,2
BRDA:104,24,0,2
BRDA:112,25,0,0
BRF:36
BRH:25
end_of_record
TN:
SF:src/format/universal-detector.ts
FN:112,(anonymous_0)
FN:140,(anonymous_1)
FN:195,(anonymous_2)
FN:274,(anonymous_3)
FN:405,(anonymous_4)
FN:480,(anonymous_5)
FN:492,(anonymous_6)
FN:528,(anonymous_7)
FN:551,(anonymous_8)
FN:572,(anonymous_9)
FN:596,detectFormat
FN:610,detectFormatFast
FN:621,detectJSON
FN:632,detectBinary
FNF:14
FNH:11
FNDA:3,(anonymous_0)
FNDA:5,(anonymous_1)
FNDA:6,(anonymous_2)
FNDA:7,(anonymous_3)
FNDA:3,(anonymous_4)
FNDA:1,(anonymous_5)
FNDA:0,(anonymous_6)
FNDA:3,(anonymous_7)
FNDA:2,(anonymous_8)
FNDA:1,(anonymous_9)
FNDA:1,detectFormat
FNDA:1,detectFormatFast
FNDA:0,detectJSON
FNDA:0,detectBinary
DA:65,1
DA:68,1
DA:71,1
DA:74,1
DA:77,1
DA:80,1
DA:83,1
DA:86,1
DA:94,1
DA:109,1
DA:113,3
DA:142,5
DA:143,1
DA:153,4
DA:154,4
DA:155,0
DA:159,4
DA:160,4
DA:161,2
DA:165,2
DA:166,2
DA:167,1
DA:171,1
DA:174,1
DA:175,1
DA:181,0
DA:197,6
DA:198,1
DA:207,5
DA:208,5
DA:211,5
DA:212,5
DA:213,5
DA:216,5
DA:217,1
DA:218,1
DA:221,4
DA:222,1
DA:223,1
DA:226,3
DA:227,0
DA:228,0
DA:231,3
DA:232,0
DA:233,0
DA:237,3
DA:246,2
DA:247,2
DA:248,2
DA:251,2
DA:252,2
DA:255,2
DA:276,7
DA:277,0
DA:286,7
DA:287,7
DA:290,7
DA:291,7
DA:292,7
DA:295,7
DA:296,7
DA:297,1
DA:298,1
DA:299,1
DA:302,6
DA:303,0
DA:304,0
DA:305,0
DA:308,6
DA:309,0
DA:310,0
DA:311,0
DA:316,7
DA:319,7
DA:321,0
DA:322,0
DA:323,0
DA:324,0
DA:325,0
DA:327,0
DA:330,7
DA:334,7
DA:336,7
DA:337,0
DA:346,7
DA:347,7
DA:349,7
DA:350,2
DA:359,5
DA:361,5
DA:362,5
DA:363,5
DA:367,0
DA:368,0
DA:369,0
DA:371,0
DA:375,5
DA:384,0
DA:407,3
DA:408,0
DA:417,3
DA:418,3
DA:421,3
DA:422,3
DA:423,3
DA:425,3
DA:426,1034
DA:427,1034
DA:428,7
DA:429,1027
DA:430,377
DA:431,650
DA:432,518
DA:437,3
DA:440,3
DA:441,3
DA:442,3
DA:446,3
DA:452,3
DA:455,2
DA:457,2
DA:466,1
DA:481,1
DA:482,1
DA:493,0
DA:496,0
DA:497,0
DA:498,0
DA:499,0
DA:502,0
DA:503,0
DA:504,0
DA:506,0
DA:507,0
DA:508,0
DA:510,0
DA:511,0
DA:512,0
DA:513,0
DA:514,0
DA:519,0
DA:529,3
DA:530,3
DA:532,3
DA:533,3
DA:534,1034
DA:537,3
DA:538,3
DA:539,768
DA:540,259
DA:541,259
DA:545,3
DA:553,2
DA:554,2
DA:557,2
DA:559,2
DA:561,2
DA:563,2
DA:566,2
DA:573,1
DA:575,1
DA:576,3
DA:577,1
DA:581,1
DA:596,1
DA:600,1
DA:601,1
DA:610,1
DA:611,1
DA:612,1
DA:621,1
DA:622,0
DA:623,0
DA:632,1
DA:633,0
DA:634,0
DA:641,1
LF:177
LH:130
BRDA:112,0,0,3
BRDA:142,1,0,1
BRDA:142,2,0,5
BRDA:142,2,1,5
BRDA:154,3,0,0
BRDA:160,4,0,2
BRDA:166,5,0,1
BRDA:174,6,0,1
BRDA:197,7,0,1
BRDA:216,8,0,1
BRDA:216,8,1,4
BRDA:221,9,0,1
BRDA:221,9,1,3
BRDA:226,10,0,0
BRDA:226,10,1,3
BRDA:231,11,0,0
BRDA:231,11,1,3
BRDA:248,12,0,2
BRDA:248,12,1,1
BRDA:248,12,2,1
BRDA:248,12,3,1
BRDA:248,12,4,1
BRDA:248,12,5,1
BRDA:251,13,0,2
BRDA:276,14,0,0
BRDA:276,15,0,7
BRDA:276,15,1,7
BRDA:295,16,0,7
BRDA:296,17,0,1
BRDA:296,17,1,6
BRDA:296,18,0,7
BRDA:296,18,1,1
BRDA:296,18,2,1
BRDA:302,19,0,0
BRDA:302,19,1,6
BRDA:302,20,0,6
BRDA:302,20,1,0
BRDA:308,21,0,0
BRDA:308,22,0,6
BRDA:308,22,1,0
BRDA:319,23,0,0
BRDA:319,23,1,7
BRDA:336,24,0,0
BRDA:349,25,0,2
BRDA:368,26,0,0
BRDA:368,26,1,0
BRDA:407,27,0,0
BRDA:407,28,0,3
BRDA:407,28,1,3
BRDA:427,29,0,7
BRDA:427,29,1,1027
BRDA:429,30,0,377
BRDA:429,30,1,650
BRDA:429,31,0,1027
BRDA:429,31,1,897
BRDA:431,32,0,518
BRDA:446,33,0,3
BRDA:446,33,1,2
BRDA:446,33,2,1
BRDA:446,33,3,1
BRDA:452,34,0,2
BRDA:461,35,0,0
BRDA:461,35,1,2
BRDA:507,36,0,0
BRDA:507,37,0,0
BRDA:507,37,1,0
BRDA:507,37,2,0
BRDA:510,38,0,0
BRDA:511,39,0,0
BRDA:512,40,0,0
BRDA:513,41,0,0
BRDA:514,42,0,0
BRDA:519,43,0,0
BRDA:519,43,1,0
BRDA:519,43,2,0
BRDA:519,43,3,0
BRDA:519,43,4,0
BRDA:519,43,5,0
BRDA:530,44,0,0
BRDA:539,45,0,259
BRDA:553,46,0,2
BRDA:557,47,0,0
BRDA:559,48,0,0
BRDA:561,49,0,0
BRDA:563,50,0,0
BRDA:576,51,0,1
BRF:86
BRH:52
end_of_record
TN:
SF:src/storage/compression-parallel.ts
FN:65,(anonymous_9)
FN:93,(anonymous_10)
FN:104,(anonymous_11)
FN:116,(anonymous_12)
FN:120,(anonymous_13)
FN:124,(anonymous_14)
FN:142,(anonymous_15)
FN:174,(anonymous_16)
FN:200,(anonymous_17)
FN:229,(anonymous_18)
FN:245,(anonymous_19)
FN:252,(anonymous_20)
FN:256,(anonymous_21)
FN:279,(anonymous_22)
FN:293,(anonymous_23)
FN:294,(anonymous_24)
FN:304,(anonymous_25)
FN:305,(anonymous_26)
FN:323,(anonymous_27)
FN:345,(anonymous_28)
FN:347,(anonymous_29)
FN:374,(anonymous_30)
FN:384,(anonymous_31)
FN:395,(anonymous_32)
FN:425,(anonymous_33)
FN:447,(anonymous_34)
FN:454,(anonymous_35)
FN:484,(anonymous_36)
FN:511,(anonymous_37)
FN:518,(anonymous_38)
FN:528,(anonymous_39)
FN:540,(anonymous_40)
FN:548,(anonymous_41)
FN:557,(anonymous_42)
FNF:34
FNH:26
FNDA:10,(anonymous_9)
FNDA:10,(anonymous_10)
FNDA:20,(anonymous_11)
FNDA:0,(anonymous_12)
FNDA:3,(anonymous_13)
FNDA:18,(anonymous_14)
FNDA:0,(anonymous_15)
FNDA:3,(anonymous_16)
FNDA:4,(anonymous_17)
FNDA:0,(anonymous_18)
FNDA:3,(anonymous_19)
FNDA:11,(anonymous_20)
FNDA:11,(anonymous_21)
FNDA:0,(anonymous_22)
FNDA:4,(anonymous_23)
FNDA:8,(anonymous_24)
FNDA:4,(anonymous_25)
FNDA:4,(anonymous_26)
FNDA:1,(anonymous_27)
FNDA:4,(anonymous_28)
FNDA:0,(anonymous_29)
FNDA:1,(anonymous_30)
FNDA:0,(anonymous_31)
FNDA:0,(anonymous_32)
FNDA:1,(anonymous_33)
FNDA:2,(anonymous_34)
FNDA:5,(anonymous_35)
FNDA:1,(anonymous_36)
FNDA:1,(anonymous_37)
FNDA:1,(anonymous_38)
FNDA:0,(anonymous_39)
FNDA:3,(anonymous_40)
FNDA:6,(anonymous_41)
FNDA:9,(anonymous_42)
DA:13,1
DA:14,1
DA:16,1
DA:17,1
DA:51,1
DA:53,10
DA:54,10
DA:55,10
DA:56,10
DA:58,10
DA:59,10
DA:66,10
DA:68,10
DA:70,10
DA:78,10
DA:84,10
DA:87,10
DA:94,10
DA:96,10
DA:97,18
DA:105,20
DA:106,20
DA:108,20
DA:116,20
DA:117,0
DA:120,20
DA:121,3
DA:124,20
DA:125,18
DA:126,4
DA:130,20
DA:131,20
DA:134,0
DA:135,0
DA:143,0
DA:145,0
DA:146,0
DA:147,0
DA:149,0
DA:150,0
DA:153,0
DA:155,0
DA:157,0
DA:160,0
DA:162,0
DA:163,0
DA:167,0
DA:168,0
DA:175,3
DA:176,3
DA:179,3
DA:180,2
DA:181,2
DA:182,2
DA:183,2
DA:188,3
DA:189,0
DA:191,3
DA:192,3
DA:193,3
DA:201,4
DA:204,4
DA:205,4
DA:206,2
DA:210,4
DA:211,1
DA:212,1
DA:213,1
DA:214,1
DA:219,4
DA:220,2
DA:223,4
DA:230,0
DA:231,0
DA:232,0
DA:233,0
DA:237,0
DA:238,0
DA:246,3
DA:253,11
DA:256,11
DA:257,6
DA:260,4
DA:261,4
DA:264,4
DA:267,4
DA:268,4
DA:271,4
DA:279,4
DA:280,0
DA:281,0
DA:282,0
DA:283,0
DA:284,0
DA:285,0
DA:294,8
DA:295,4
DA:296,4
DA:297,0
DA:305,4
DA:306,4
DA:315,4
DA:316,4
DA:324,1
DA:325,0
DA:329,1
DA:330,0
DA:333,1
DA:334,1
DA:340,1
DA:343,1
DA:344,1
DA:346,4
DA:347,4
DA:348,0
DA:349,0
DA:350,0
DA:352,0
DA:356,0
DA:357,0
DA:361,0
DA:363,0
DA:368,0
DA:375,1
DA:376,0
DA:380,1
DA:383,0
DA:384,0
DA:388,0
DA:396,0
DA:397,0
DA:400,0
DA:401,0
DA:404,0
DA:405,0
DA:408,0
DA:409,0
DA:412,0
DA:413,0
DA:414,0
DA:415,0
DA:416,0
DA:419,0
DA:426,1
DA:427,1
DA:430,1
DA:431,1
DA:434,1
DA:435,3
DA:436,2
DA:437,2
DA:438,2
DA:441,0
DA:448,2
DA:455,5
DA:457,5
DA:459,5
DA:460,1
DA:461,0
DA:472,1
DA:473,0
DA:478,5
DA:485,1
DA:487,1
DA:488,1
DA:489,1
DA:490,0
DA:500,1
DA:501,0
DA:505,1
DA:512,1
DA:519,1
DA:520,1
DA:521,0
DA:529,0
DA:532,0
DA:533,0
DA:534,0
DA:546,3
DA:548,6
DA:558,9
DA:561,9
DA:562,0
DA:564,9
DA:567,9
DA:568,1
DA:570,9
DA:573,9
DA:574,18
DA:575,18
DA:580,9
DA:585,1
DA:587,1
LF:193
LH:122
BRDA:65,0,0,1
BRDA:71,1,0,10
BRDA:71,1,1,10
BRDA:72,2,0,10
BRDA:72,2,1,1
BRDA:73,3,0,10
BRDA:73,3,1,1
BRDA:74,4,0,10
BRDA:74,4,1,10
BRDA:75,5,0,10
BRDA:75,5,1,10
BRDA:94,6,0,0
BRDA:125,7,0,4
BRDA:143,8,0,0
BRDA:150,9,0,0
BRDA:155,10,0,0
BRDA:155,10,1,0
BRDA:157,11,0,0
BRDA:157,11,1,0
BRDA:179,12,0,2
BRDA:181,13,0,2
BRDA:188,14,0,0
BRDA:188,14,1,3
BRDA:205,15,0,2
BRDA:210,16,0,1
BRDA:212,17,0,1
BRDA:219,18,0,2
BRDA:231,19,0,0
BRDA:253,20,0,5
BRDA:257,21,0,2
BRDA:261,22,0,0
BRDA:280,23,0,0
BRDA:296,24,0,0
BRDA:324,25,0,0
BRDA:329,26,0,0
BRDA:329,27,0,1
BRDA:329,27,1,1
BRDA:349,28,0,0
BRDA:356,29,0,0
BRDA:375,30,0,0
BRDA:459,31,0,1
BRDA:459,32,0,5
BRDA:459,32,1,5
BRDA:472,33,0,0
BRDA:488,34,0,1
BRDA:500,35,0,0
BRDA:520,36,0,0
BRDA:529,37,0,0
BRF:48
BRH:27
end_of_record
TN:
SF:src/storage/shard-manager.ts
FN:38,(anonymous_0)
FN:42,(anonymous_1)
FN:47,(anonymous_2)
FN:51,(anonymous_3)
FN:55,(anonymous_4)
FN:68,(anonymous_5)
FN:72,(anonymous_6)
FN:77,(anonymous_7)
FN:83,(anonymous_8)
FN:97,(anonymous_9)
FN:101,(anonymous_10)
FN:107,(anonymous_11)
FN:112,(anonymous_12)
FN:124,(anonymous_13)
FN:125,(anonymous_14)
FN:128,(anonymous_15)
FN:138,(anonymous_16)
FN:154,(anonymous_17)
FN:165,createTestVectors
FN:166,(anonymous_19)
FN:168,(anonymous_20)
FNF:21
FNH:20
FNDA:23,(anonymous_0)
FNDA:631215,(anonymous_1)
FNDA:27,(anonymous_2)
FNDA:631247,(anonymous_3)
FNDA:19,(anonymous_4)
FNDA:21,(anonymous_5)
FNDA:631213,(anonymous_6)
FNDA:24,(anonymous_7)
FNDA:27,(anonymous_8)
FNDA:24,(anonymous_9)
FNDA:27,(anonymous_10)
FNDA:0,(anonymous_11)
FNDA:631215,(anonymous_12)
FNDA:15,(anonymous_13)
FNDA:631210,(anonymous_14)
FNDA:25,(anonymous_15)
FNDA:11,(anonymous_16)
FNDA:9,(anonymous_17)
FNDA:14,createTestVectors
FNDA:731210,(anonymous_19)
FNDA:561569280,(anonymous_20)
DA:10,4
DA:19,4
DA:38,4
DA:39,23
DA:40,23
DA:43,631215
DA:44,631215
DA:48,27
DA:52,631247
DA:56,19
DA:61,4
DA:63,21
DA:64,21
DA:65,21
DA:66,21
DA:69,21
DA:73,631213
DA:74,631213
DA:78,24
DA:79,24
DA:80,24
DA:84,27
DA:85,3
DA:86,3
DA:88,24
DA:89,24
DA:90,0
DA:92,24
DA:93,24
DA:94,24
DA:98,24
DA:102,27
DA:103,27
DA:104,27
DA:108,0
DA:109,0
DA:113,631215
DA:114,631213
DA:115,631213
DA:118,631213
DA:119,130
DA:121,631213
DA:125,631210
DA:129,25
DA:130,25
DA:131,24
DA:132,24
DA:133,24
DA:139,11
DA:142,11
DA:143,11
DA:144,33
DA:145,27
DA:149,11
DA:150,11
DA:151,11
DA:155,9
DA:156,9
DA:165,4
DA:166,731210
DA:168,561569280
DA:172,4
LF:62
LH:59
BRDA:44,0,0,631215
BRDA:44,0,1,131
BRDA:52,1,0,631247
BRDA:52,1,1,137
BRDA:68,2,0,12
BRDA:79,3,0,0
BRDA:84,4,0,3
BRDA:89,5,0,0
BRDA:103,6,0,3
BRDA:109,7,0,0
BRDA:118,8,0,130
BRDA:130,9,0,1
BRDA:132,10,0,0
BRDA:144,11,0,27
BRDA:165,12,0,14
BRF:15
BRH:11
end_of_record
TN:
SF:src/storage/w-tinylfu-cache-v2.ts
FN:59,(anonymous_0)
FN:64,(anonymous_1)
FN:72,(anonymous_2)
FN:77,(anonymous_3)
FN:81,(anonymous_4)
FN:89,(anonymous_5)
FN:95,(anonymous_6)
FN:109,(anonymous_7)
FN:126,(anonymous_8)
FN:132,(anonymous_9)
FN:140,(anonymous_10)
FN:172,(anonymous_11)
FN:197,(anonymous_12)
FN:249,(anonymous_13)
FN:302,(anonymous_14)
FN:322,(anonymous_15)
FN:341,(anonymous_16)
FN:356,(anonymous_17)
FN:370,(anonymous_18)
FN:383,(anonymous_19)
FN:412,(anonymous_20)
FN:439,(anonymous_21)
FN:452,(anonymous_22)
FN:468,(anonymous_23)
FN:476,(anonymous_24)
FNF:25
FNH:24
FNDA:14,(anonymous_0)
FNDA:920451,(anonymous_1)
FNDA:126271,(anonymous_2)
FNDA:794180,(anonymous_3)
FNDA:1,(anonymous_4)
FNDA:42,(anonymous_5)
FNDA:225570,(anonymous_6)
FNDA:203871,(anonymous_7)
FNDA:17237,(anonymous_8)
FNDA:99299,(anonymous_9)
FNDA:3,(anonymous_10)
FNDA:14,(anonymous_11)
FNDA:104224,(anonymous_12)
FNDA:101118,(anonymous_13)
FNDA:1459,(anonymous_14)
FNDA:6457,(anonymous_15)
FNDA:50,(anonymous_16)
FNDA:100758,(anonymous_17)
FNDA:99249,(anonymous_18)
FNDA:79418,(anonymous_19)
FNDA:1,(anonymous_20)
FNDA:1,(anonymous_21)
FNDA:6,(anonymous_22)
FNDA:3,(anonymous_23)
FNDA:0,(anonymous_24)
DA:60,14
DA:61,14
DA:65,920451
DA:66,920451
DA:67,5398742
DA:69,920451
DA:73,126271
DA:74,126271
DA:78,794180
DA:82,1
DA:90,42
DA:91,42
DA:92,42
DA:96,225570
DA:97,225570
DA:98,225570
DA:99,223708
DA:101,225570
DA:102,225570
DA:103,1862
DA:105,225570
DA:110,203871
DA:111,199413
DA:113,4458
DA:115,203871
DA:116,99525
DA:118,104346
DA:120,203871
DA:121,203871
DA:122,203871
DA:127,17237
DA:128,17237
DA:133,99299
DA:134,99299
DA:135,99299
DA:136,99299
DA:141,3
DA:142,3
DA:143,3
DA:150,1
DA:168,14
DA:169,14
DA:170,14
DA:173,14
DA:175,14
DA:176,14
DA:179,14
DA:180,14
DA:181,14
DA:182,14
DA:185,14
DA:186,14
DA:187,14
DA:190,14
DA:191,14
DA:192,14
DA:194,14
DA:198,104224
DA:201,104224
DA:202,104224
DA:203,4695
DA:204,4695
DA:205,4695
DA:207,4695
DA:208,4695
DA:212,99529
DA:213,99529
DA:214,18999
DA:215,18999
DA:216,18999
DA:219,18999
DA:220,6457
DA:223,12542
DA:225,18999
DA:229,80530
DA:230,80530
DA:231,1459
DA:232,1459
DA:233,1459
DA:236,1459
DA:237,1459
DA:240,0
DA:242,1459
DA:245,79071
DA:246,79071
DA:250,101118
DA:253,101118
DA:254,101118
DA:255,0
DA:256,0
DA:257,0
DA:260,0
DA:261,0
DA:262,0
DA:263,0
DA:265,0
DA:266,0
DA:267,0
DA:269,0
DA:272,0
DA:274,0
DA:278,101118
DA:281,101118
DA:282,99249
DA:286,101118
DA:295,101118
DA:296,101118
DA:304,1459
DA:305,1459
DA:308,1459
DA:310,0
DA:311,0
DA:312,0
DA:315,1459
DA:324,6457
DA:325,6457
DA:328,6457
DA:329,50
DA:333,6457
DA:334,6457
DA:335,6457
DA:342,50
DA:343,50
DA:345,50
DA:348,50
DA:349,50
DA:350,50
DA:358,100758
DA:359,79418
DA:362,100758
DA:363,100758
DA:364,100758
DA:371,99249
DA:372,99249
DA:374,99249
DA:377,99249
DA:385,79418
DA:386,79418
DA:389,79418
DA:390,79418
DA:392,79418
DA:393,794180
DA:394,794180
DA:396,794180
DA:397,155464
DA:398,155464
DA:401,794180
DA:402,794180
DA:405,79418
DA:406,79418
DA:407,79418
DA:408,79418
DA:413,1
DA:415,1
DA:416,1
DA:417,0
DA:418,0
DA:419,0
DA:422,1
DA:423,1
DA:424,1
DA:425,1
DA:426,1
DA:429,0
DA:430,0
DA:431,0
DA:432,0
DA:433,0
DA:436,0
DA:440,1
DA:441,1
DA:442,1
DA:443,1
DA:444,1
DA:445,1
DA:446,1
DA:447,1
DA:448,1
DA:449,1
DA:453,6
DA:454,6
DA:469,3
DA:477,0
DA:481,1
LF:184
LH:157
BRDA:74,0,0,126271
BRDA:98,1,0,223708
BRDA:102,2,0,1862
BRDA:110,3,0,199413
BRDA:110,3,1,4458
BRDA:115,4,0,99525
BRDA:115,4,1,104346
BRDA:133,5,0,0
BRDA:175,6,0,14
BRDA:175,6,1,14
BRDA:176,7,0,14
BRDA:176,7,1,14
BRDA:202,8,0,4695
BRDA:213,9,0,18999
BRDA:219,10,0,6457
BRDA:219,10,1,12542
BRDA:230,11,0,1459
BRDA:236,12,0,1459
BRDA:236,12,1,0
BRDA:253,13,0,101118
BRDA:253,13,1,101118
BRDA:253,13,2,101118
BRDA:254,14,0,0
BRDA:260,15,0,0
BRDA:260,15,1,0
BRDA:262,16,0,0
BRDA:265,17,0,0
BRDA:265,17,1,0
BRDA:266,18,0,0
BRDA:266,18,1,0
BRDA:281,19,0,99249
BRDA:308,20,0,0
BRDA:308,20,1,1459
BRDA:308,21,0,1459
BRDA:308,21,1,0
BRDA:328,22,0,50
BRDA:343,23,0,0
BRDA:358,24,0,79418
BRDA:372,25,0,0
BRDA:392,26,0,873598
BRDA:392,26,1,873409
BRDA:396,27,0,155464
BRDA:405,28,0,79418
BRDA:416,29,0,0
BRDA:423,30,0,1
BRDA:430,31,0,0
BRDA:455,32,0,4
BRDA:455,32,1,2
BRF:48
BRH:32
end_of_record
TN:
SF:src/storage/w-tinylfu-cache.ts
FN:34,(anonymous_0)
FN:39,(anonymous_1)
FN:47,(anonymous_2)
FN:52,(anonymous_3)
FN:56,(anonymous_4)
FN:73,(anonymous_5)
FN:83,(anonymous_6)
FN:115,(anonymous_7)
FN:143,(anonymous_8)
FN:166,(anonymous_9)
FN:171,(anonymous_10)
FN:179,(anonymous_11)
FN:190,(anonymous_12)
FNF:13
FNH:12
FNDA:12,(anonymous_0)
FNDA:11640,(anonymous_1)
FNDA:10570,(anonymous_2)
FNDA:1070,(anonymous_3)
FNDA:1,(anonymous_4)
FNDA:12,(anonymous_5)
FNDA:10029,(anonymous_6)
FNDA:1021,(anonymous_7)
FNDA:1015,(anonymous_8)
FNDA:1,(anonymous_9)
FNDA:1,(anonymous_10)
FNDA:3,(anonymous_11)
FNDA:0,(anonymous_12)
DA:35,12
DA:36,12
DA:40,11640
DA:41,11640
DA:42,68294
DA:44,11640
DA:48,10570
DA:49,10570
DA:53,1070
DA:57,1
DA:61,1
DA:70,12
DA:71,12
DA:74,12
DA:75,12
DA:76,12
DA:78,12
DA:79,12
DA:80,12
DA:84,10029
DA:87,10029
DA:88,10029
DA:89,9494
DA:90,9494
DA:91,9494
DA:93,9494
DA:94,9494
DA:95,9494
DA:99,535
DA:100,535
DA:101,55
DA:102,55
DA:103,55
DA:106,55
DA:107,55
DA:108,55
DA:111,480
DA:112,480
DA:116,1021
DA:119,1021
DA:120,1021
DA:121,1
DA:122,1
DA:123,1
DA:124,1
DA:128,1020
DA:130,1020
DA:132,960
DA:133,960
DA:134,960
DA:135,960
DA:136,960
DA:140,1020
DA:144,1015
DA:147,55
DA:148,55
DA:150,55
DA:151,1070
DA:152,1070
DA:153,69
DA:154,69
DA:157,1070
DA:160,55
DA:163,1015
DA:167,1
DA:168,1
DA:172,1
DA:173,1
DA:174,1
DA:175,1
DA:176,1
DA:180,3
DA:181,3
DA:191,0
DA:195,1
LF:75
LH:74
BRDA:49,0,0,10570
BRDA:88,1,0,9494
BRDA:100,2,0,55
BRDA:119,3,0,1021
BRDA:119,3,1,1020
BRDA:120,4,0,1
BRDA:130,5,0,960
BRDA:133,6,0,960
BRDA:144,7,0,55
BRDA:152,8,0,69
BRDA:157,9,0,50
BRDA:160,10,0,55
BRDA:168,11,0,1
BRDA:168,11,1,0
BRDA:182,12,0,2
BRDA:182,12,1,1
BRF:16
BRH:15
end_of_record
TN:
SF:src/storage/zstd-compression.ts
FN:48,(anonymous_9)
FN:62,(anonymous_10)
FN:76,(anonymous_11)
FN:88,(anonymous_12)
FN:107,(anonymous_13)
FN:125,(anonymous_14)
FN:135,(anonymous_15)
FN:147,(anonymous_16)
FNF:8
FNH:8
FNDA:26,(anonymous_9)
FNDA:13,(anonymous_10)
FNDA:5,(anonymous_11)
FNDA:7,(anonymous_12)
FNDA:2,(anonymous_13)
FNDA:2,(anonymous_14)
FNDA:2,(anonymous_15)
FNDA:4,(anonymous_16)
DA:11,2
DA:45,2
DA:49,26
DA:63,13
DA:64,3
DA:67,10
DA:77,5
DA:78,1
DA:80,4
DA:89,7
DA:90,7
DA:91,6
DA:92,6
DA:108,2
DA:109,2
DA:110,2
DA:111,2
DA:126,2
DA:136,2
DA:137,2
DA:138,2
DA:148,4
DA:149,1
DA:151,3
DA:152,1
DA:155,2
DA:156,2
DA:158,2
DA:159,8
DA:160,8
DA:161,8
DA:162,8
DA:165,2
DA:170,2
DA:172,2
LF:35
LH:35
BRDA:48,0,0,15
BRDA:50,1,0,26
BRDA:50,1,1,15
BRDA:51,2,0,26
BRDA:51,2,1,15
BRDA:63,3,0,3
BRDA:77,4,0,1
BRDA:135,5,0,0
BRDA:148,6,0,1
BRDA:151,7,0,1
BRDA:161,8,0,8
BRF:11
BRH:10
end_of_record
